`torch_dtype` is deprecated! Use `dtype` instead!
[1;36m(VllmWorker rank=0 pid=1572385)[0;0m Loading safetensors checkpoint shards:   0% Completed | 0/16 [00:00<?, ?it/s]
[1;36m(VllmWorker rank=0 pid=1572385)[0;0m Loading safetensors checkpoint shards:   6% Completed | 1/16 [00:06<01:35,  6.34s/it]
[1;36m(VllmWorker rank=0 pid=1572385)[0;0m Loading safetensors checkpoint shards:  12% Completed | 2/16 [00:13<01:35,  6.81s/it]
[1;36m(VllmWorker rank=0 pid=1572385)[0;0m Loading safetensors checkpoint shards:  19% Completed | 3/16 [00:20<01:30,  6.93s/it]
[1;36m(VllmWorker rank=0 pid=1572385)[0;0m Loading safetensors checkpoint shards:  25% Completed | 4/16 [00:27<01:24,  7.04s/it]
[1;36m(VllmWorker rank=0 pid=1572385)[0;0m Loading safetensors checkpoint shards:  31% Completed | 5/16 [00:28<00:53,  4.82s/it]
[1;36m(VllmWorker rank=0 pid=1572385)[0;0m Loading safetensors checkpoint shards:  38% Completed | 6/16 [00:35<00:56,  5.61s/it]
[1;36m(VllmWorker rank=0 pid=1572385)[0;0m Loading safetensors checkpoint shards:  44% Completed | 7/16 [00:42<00:54,  6.04s/it]
[1;36m(VllmWorker rank=0 pid=1572385)[0;0m Loading safetensors checkpoint shards:  50% Completed | 8/16 [00:50<00:53,  6.72s/it]
[1;36m(VllmWorker rank=0 pid=1572385)[0;0m Loading safetensors checkpoint shards:  56% Completed | 9/16 [00:57<00:45,  6.57s/it]
[1;36m(VllmWorker rank=0 pid=1572385)[0;0m Loading safetensors checkpoint shards:  62% Completed | 10/16 [01:04<00:41,  6.92s/it]
[1;36m(VllmWorker rank=0 pid=1572385)[0;0m Loading safetensors checkpoint shards:  69% Completed | 11/16 [01:11<00:34,  6.92s/it]
[1;36m(VllmWorker rank=0 pid=1572385)[0;0m Loading safetensors checkpoint shards:  75% Completed | 12/16 [01:19<00:28,  7.07s/it]
[1;36m(VllmWorker rank=0 pid=1572385)[0;0m Loading safetensors checkpoint shards:  81% Completed | 13/16 [01:25<00:20,  6.88s/it]
[1;36m(VllmWorker rank=0 pid=1572385)[0;0m Loading safetensors checkpoint shards:  88% Completed | 14/16 [01:33<00:14,  7.20s/it]
[1;36m(VllmWorker rank=0 pid=1572385)[0;0m Loading safetensors checkpoint shards:  94% Completed | 15/16 [01:40<00:07,  7.13s/it]
[1;36m(VllmWorker rank=0 pid=1572385)[0;0m Loading safetensors checkpoint shards: 100% Completed | 16/16 [01:46<00:00,  6.66s/it]
[1;36m(VllmWorker rank=0 pid=1572385)[0;0m Loading safetensors checkpoint shards: 100% Completed | 16/16 [01:46<00:00,  6.63s/it]
[1;36m(VllmWorker rank=0 pid=1572385)[0;0m 
slurmstepd: error: *** JOB 13958549 ON gpua061 CANCELLED AT 2025-12-04T12:32:46 DUE TO TIME LIMIT ***
